221224 22:56:04 mysqld_safe Starting mysqld daemon with databases from /var/lib/mysql
2022-12-24 22:56:04 0 [Note] /usr/sbin/mysqld (mysqld 10.3.36-MariaDB-0+deb10u2-log) starting as process 224 ...
2022-12-24 22:56:04 0 [Warning] Setting lower_case_table_names=2 because file system for /var/lib/mysql/ is case insensitive
2022-12-24 22:56:05 0 [Note] Using unique option prefix 'myisam_recover' is error-prone and can break in the future. Please use the full name 'myisam-recover-options' instead.
2022-12-24 22:56:05 0 [Note] InnoDB: Using Linux native AIO
2022-12-24 22:56:05 0 [Note] InnoDB: Mutexes and rw_locks use GCC atomic builtins
2022-12-24 22:56:05 0 [Note] InnoDB: Uses event mutexes
2022-12-24 22:56:05 0 [Note] InnoDB: Compressed tables use zlib 1.2.11
2022-12-24 22:56:05 0 [Note] InnoDB: Number of pools: 1
2022-12-24 22:56:05 0 [Note] InnoDB: Using SSE2 crc32 instructions
2022-12-24 22:56:05 0 [Note] InnoDB: Initializing buffer pool, total size = 256M, instances = 1, chunk size = 128M
2022-12-24 22:56:05 0 [Note] InnoDB: Completed initialization of buffer pool
2022-12-24 22:56:05 0 [Note] InnoDB: If the mysqld execution user is authorized, page cleaner thread priority can be changed. See the man page of setpriority().
2022-12-24 22:56:05 0 [Note] InnoDB: Starting crash recovery from checkpoint LSN=1625479
2022-12-24 22:56:05 0 [Note] InnoDB: 128 out of 128 rollback segments are active.
2022-12-24 22:56:05 0 [Note] InnoDB: Removed temporary tablespace data file: "ibtmp1"
2022-12-24 22:56:05 0 [Note] InnoDB: Creating shared tablespace for temporary tables
2022-12-24 22:56:05 0 [Note] InnoDB: Setting file './ibtmp1' size to 12 MB. Physically writing the file full; Please wait ...
2022-12-24 22:56:05 0 [Note] InnoDB: File './ibtmp1' size is now 12 MB.
2022-12-24 22:56:05 0 [Note] InnoDB: Waiting for purge to start
2022-12-24 22:56:05 0 [Note] InnoDB: 10.3.36 started; log sequence number 1625488; transaction id 20
2022-12-24 22:56:05 0 [Note] InnoDB: Loading buffer pool(s) from /var/lib/mysql/ib_buffer_pool
2022-12-24 22:56:05 0 [Note] Plugin 'FEEDBACK' is disabled.
2022-12-24 22:56:06 0 [Note] InnoDB: Buffer pool(s) load completed at 221224 22:56:06
2022-12-24 22:56:06 0 [Note] Server socket created on IP: '127.0.0.1'.
2022-12-24 22:56:06 0 [Note] Reading of all Master_info entries succeeded
2022-12-24 22:56:06 0 [Note] Added new Master_info '' to hash table
2022-12-24 22:56:06 0 [Note] /usr/sbin/mysqld: ready for connections.
Version: '10.3.36-MariaDB-0+deb10u2-log'  socket: '/var/run/mysqld/mysqld.sock'  port: 3306  Debian 10
