221226 19:24:18 mysqld_safe Starting mysqld daemon with databases from /var/lib/mysql
2022-12-26 19:24:18 0 [Note] /usr/sbin/mysqld (mysqld 10.3.36-MariaDB-0+deb10u2-log) starting as process 222 ...
2022-12-26 19:24:18 0 [Warning] Setting lower_case_table_names=2 because file system for /var/lib/mysql/ is case insensitive
2022-12-26 19:24:18 0 [Note] Using unique option prefix 'myisam_recover' is error-prone and can break in the future. Please use the full name 'myisam-recover-options' instead.
2022-12-26 19:24:18 0 [Note] InnoDB: Using Linux native AIO
2022-12-26 19:24:18 0 [Note] InnoDB: Mutexes and rw_locks use GCC atomic builtins
2022-12-26 19:24:18 0 [Note] InnoDB: Uses event mutexes
2022-12-26 19:24:18 0 [Note] InnoDB: Compressed tables use zlib 1.2.11
2022-12-26 19:24:18 0 [Note] InnoDB: Number of pools: 1
2022-12-26 19:24:18 0 [Note] InnoDB: Using SSE2 crc32 instructions
2022-12-26 19:24:18 0 [Note] InnoDB: Initializing buffer pool, total size = 256M, instances = 1, chunk size = 128M
2022-12-26 19:24:18 0 [Note] InnoDB: Completed initialization of buffer pool
2022-12-26 19:24:18 0 [Note] InnoDB: If the mysqld execution user is authorized, page cleaner thread priority can be changed. See the man page of setpriority().
2022-12-26 19:24:18 0 [Note] InnoDB: Starting crash recovery from checkpoint LSN=1625855
2022-12-26 19:24:18 0 [Note] InnoDB: 128 out of 128 rollback segments are active.
2022-12-26 19:24:18 0 [Note] InnoDB: Removed temporary tablespace data file: "ibtmp1"
2022-12-26 19:24:18 0 [Note] InnoDB: Creating shared tablespace for temporary tables
2022-12-26 19:24:18 0 [Note] InnoDB: Setting file './ibtmp1' size to 12 MB. Physically writing the file full; Please wait ...
2022-12-26 19:24:18 0 [Note] InnoDB: File './ibtmp1' size is now 12 MB.
2022-12-26 19:24:18 0 [Note] InnoDB: Waiting for purge to start
2022-12-26 19:24:18 0 [Note] InnoDB: 10.3.36 started; log sequence number 1625864; transaction id 20
2022-12-26 19:24:18 0 [Note] InnoDB: Loading buffer pool(s) from /var/lib/mysql/ib_buffer_pool
2022-12-26 19:24:18 0 [Note] Plugin 'FEEDBACK' is disabled.
2022-12-26 19:24:18 0 [ERROR] Can't create IP socket: Name or service not known
2022-12-26 19:24:18 0 [ERROR] Aborting

221226 19:24:20 mysqld_safe mysqld from pid file /var/run/mysqld/mysqld.pid ended
221226 19:24:21 mysqld_safe Starting mysqld daemon with databases from /var/lib/mysql
2022-12-26 19:24:21 0 [Note] /usr/sbin/mysqld (mysqld 10.3.36-MariaDB-0+deb10u2-log) starting as process 220 ...
2022-12-26 19:24:21 0 [Warning] Setting lower_case_table_names=2 because file system for /var/lib/mysql/ is case insensitive
2022-12-26 19:24:21 0 [Note] Using unique option prefix 'myisam_recover' is error-prone and can break in the future. Please use the full name 'myisam-recover-options' instead.
2022-12-26 19:24:21 0 [Note] InnoDB: Using Linux native AIO
2022-12-26 19:24:21 0 [Note] InnoDB: Mutexes and rw_locks use GCC atomic builtins
2022-12-26 19:24:21 0 [Note] InnoDB: Uses event mutexes
2022-12-26 19:24:21 0 [Note] InnoDB: Compressed tables use zlib 1.2.11
2022-12-26 19:24:21 0 [Note] InnoDB: Number of pools: 1
2022-12-26 19:24:21 0 [Note] InnoDB: Using SSE2 crc32 instructions
2022-12-26 19:24:21 0 [Note] InnoDB: Initializing buffer pool, total size = 256M, instances = 1, chunk size = 128M
2022-12-26 19:24:21 0 [Note] InnoDB: Completed initialization of buffer pool
2022-12-26 19:24:21 0 [Note] InnoDB: If the mysqld execution user is authorized, page cleaner thread priority can be changed. See the man page of setpriority().
2022-12-26 19:24:21 0 [Note] InnoDB: 128 out of 128 rollback segments are active.
2022-12-26 19:24:21 0 [Note] InnoDB: Creating shared tablespace for temporary tables
2022-12-26 19:24:21 0 [Note] InnoDB: Setting file './ibtmp1' size to 12 MB. Physically writing the file full; Please wait ...
2022-12-26 19:24:21 0 [Note] InnoDB: File './ibtmp1' size is now 12 MB.
2022-12-26 19:24:21 0 [Note] InnoDB: Waiting for purge to start
2022-12-26 19:24:21 0 [Note] InnoDB: 10.3.36 started; log sequence number 1625873; transaction id 20
2022-12-26 19:24:21 0 [Note] InnoDB: Loading buffer pool(s) from /var/lib/mysql/ib_buffer_pool
2022-12-26 19:24:21 0 [Note] Plugin 'FEEDBACK' is disabled.
2022-12-26 19:24:21 0 [Note] InnoDB: Buffer pool(s) load completed at 221226 19:24:21
2022-12-26 19:24:21 0 [ERROR] Can't create IP socket: Name or service not known
2022-12-26 19:24:21 0 [ERROR] Aborting

221226 19:24:23 mysqld_safe mysqld from pid file /var/run/mysqld/mysqld.pid ended
221226 19:24:24 mysqld_safe Starting mysqld daemon with databases from /var/lib/mysql
2022-12-26 19:24:24 0 [Note] /usr/sbin/mysqld (mysqld 10.3.36-MariaDB-0+deb10u2-log) starting as process 219 ...
2022-12-26 19:24:24 0 [Warning] Setting lower_case_table_names=2 because file system for /var/lib/mysql/ is case insensitive
2022-12-26 19:24:24 0 [Note] Using unique option prefix 'myisam_recover' is error-prone and can break in the future. Please use the full name 'myisam-recover-options' instead.
2022-12-26 19:24:24 0 [Note] InnoDB: Using Linux native AIO
2022-12-26 19:24:24 0 [Note] InnoDB: Mutexes and rw_locks use GCC atomic builtins
2022-12-26 19:24:24 0 [Note] InnoDB: Uses event mutexes
2022-12-26 19:24:24 0 [Note] InnoDB: Compressed tables use zlib 1.2.11
2022-12-26 19:24:24 0 [Note] InnoDB: Number of pools: 1
2022-12-26 19:24:24 0 [Note] InnoDB: Using SSE2 crc32 instructions
2022-12-26 19:24:24 0 [Note] InnoDB: Initializing buffer pool, total size = 256M, instances = 1, chunk size = 128M
2022-12-26 19:24:24 0 [Note] InnoDB: Completed initialization of buffer pool
2022-12-26 19:24:24 0 [Note] InnoDB: If the mysqld execution user is authorized, page cleaner thread priority can be changed. See the man page of setpriority().
2022-12-26 19:24:24 0 [Note] InnoDB: 128 out of 128 rollback segments are active.
2022-12-26 19:24:24 0 [Note] InnoDB: Creating shared tablespace for temporary tables
2022-12-26 19:24:24 0 [Note] InnoDB: Setting file './ibtmp1' size to 12 MB. Physically writing the file full; Please wait ...
2022-12-26 19:24:24 0 [Note] InnoDB: File './ibtmp1' size is now 12 MB.
2022-12-26 19:24:24 0 [Note] InnoDB: Waiting for purge to start
2022-12-26 19:24:24 0 [Note] InnoDB: 10.3.36 started; log sequence number 1625882; transaction id 20
2022-12-26 19:24:24 0 [Note] InnoDB: Loading buffer pool(s) from /var/lib/mysql/ib_buffer_pool
2022-12-26 19:24:24 0 [Note] Plugin 'FEEDBACK' is disabled.
2022-12-26 19:24:24 0 [Note] InnoDB: Buffer pool(s) load completed at 221226 19:24:24
2022-12-26 19:24:24 0 [ERROR] Can't create IP socket: Name or service not known
2022-12-26 19:24:24 0 [ERROR] Aborting

221226 19:24:26 mysqld_safe mysqld from pid file /var/run/mysqld/mysqld.pid ended
221226 19:24:27 mysqld_safe Starting mysqld daemon with databases from /var/lib/mysql
2022-12-26 19:24:27 0 [Note] /usr/sbin/mysqld (mysqld 10.3.36-MariaDB-0+deb10u2-log) starting as process 219 ...
2022-12-26 19:24:27 0 [Warning] Setting lower_case_table_names=2 because file system for /var/lib/mysql/ is case insensitive
2022-12-26 19:24:27 0 [Note] Using unique option prefix 'myisam_recover' is error-prone and can break in the future. Please use the full name 'myisam-recover-options' instead.
2022-12-26 19:24:27 0 [Note] InnoDB: Using Linux native AIO
2022-12-26 19:24:27 0 [Note] InnoDB: Mutexes and rw_locks use GCC atomic builtins
2022-12-26 19:24:27 0 [Note] InnoDB: Uses event mutexes
2022-12-26 19:24:27 0 [Note] InnoDB: Compressed tables use zlib 1.2.11
2022-12-26 19:24:27 0 [Note] InnoDB: Number of pools: 1
2022-12-26 19:24:27 0 [Note] InnoDB: Using SSE2 crc32 instructions
2022-12-26 19:24:27 0 [Note] InnoDB: Initializing buffer pool, total size = 256M, instances = 1, chunk size = 128M
2022-12-26 19:24:27 0 [Note] InnoDB: Completed initialization of buffer pool
2022-12-26 19:24:27 0 [Note] InnoDB: If the mysqld execution user is authorized, page cleaner thread priority can be changed. See the man page of setpriority().
2022-12-26 19:24:27 0 [Note] InnoDB: 128 out of 128 rollback segments are active.
2022-12-26 19:24:27 0 [Note] InnoDB: Creating shared tablespace for temporary tables
2022-12-26 19:24:27 0 [Note] InnoDB: Setting file './ibtmp1' size to 12 MB. Physically writing the file full; Please wait ...
2022-12-26 19:24:27 0 [Note] InnoDB: File './ibtmp1' size is now 12 MB.
2022-12-26 19:24:27 0 [Note] InnoDB: Waiting for purge to start
2022-12-26 19:24:27 0 [Note] InnoDB: 10.3.36 started; log sequence number 1625891; transaction id 20
2022-12-26 19:24:27 0 [Note] InnoDB: Loading buffer pool(s) from /var/lib/mysql/ib_buffer_pool
2022-12-26 19:24:27 0 [Note] Plugin 'FEEDBACK' is disabled.
2022-12-26 19:24:27 0 [Note] InnoDB: Buffer pool(s) load completed at 221226 19:24:27
2022-12-26 19:24:27 0 [ERROR] Can't create IP socket: Name or service not known
2022-12-26 19:24:27 0 [ERROR] Aborting

221226 19:24:29 mysqld_safe mysqld from pid file /var/run/mysqld/mysqld.pid ended
221226 19:24:30 mysqld_safe Starting mysqld daemon with databases from /var/lib/mysql
2022-12-26 19:24:30 0 [Note] /usr/sbin/mysqld (mysqld 10.3.36-MariaDB-0+deb10u2-log) starting as process 221 ...
2022-12-26 19:24:30 0 [Warning] Setting lower_case_table_names=2 because file system for /var/lib/mysql/ is case insensitive
2022-12-26 19:24:30 0 [Note] Using unique option prefix 'myisam_recover' is error-prone and can break in the future. Please use the full name 'myisam-recover-options' instead.
2022-12-26 19:24:30 0 [Note] InnoDB: Using Linux native AIO
2022-12-26 19:24:30 0 [Note] InnoDB: Mutexes and rw_locks use GCC atomic builtins
2022-12-26 19:24:30 0 [Note] InnoDB: Uses event mutexes
2022-12-26 19:24:30 0 [Note] InnoDB: Compressed tables use zlib 1.2.11
2022-12-26 19:24:30 0 [Note] InnoDB: Number of pools: 1
2022-12-26 19:24:30 0 [Note] InnoDB: Using SSE2 crc32 instructions
2022-12-26 19:24:30 0 [Note] InnoDB: Initializing buffer pool, total size = 256M, instances = 1, chunk size = 128M
2022-12-26 19:24:30 0 [Note] InnoDB: Completed initialization of buffer pool
2022-12-26 19:24:30 0 [Note] InnoDB: If the mysqld execution user is authorized, page cleaner thread priority can be changed. See the man page of setpriority().
2022-12-26 19:24:30 0 [Note] InnoDB: 128 out of 128 rollback segments are active.
2022-12-26 19:24:30 0 [Note] InnoDB: Creating shared tablespace for temporary tables
2022-12-26 19:24:30 0 [Note] InnoDB: Setting file './ibtmp1' size to 12 MB. Physically writing the file full; Please wait ...
2022-12-26 19:24:30 0 [Note] InnoDB: File './ibtmp1' size is now 12 MB.
2022-12-26 19:24:30 0 [Note] InnoDB: Waiting for purge to start
2022-12-26 19:24:30 0 [Note] InnoDB: 10.3.36 started; log sequence number 1625900; transaction id 20
2022-12-26 19:24:30 0 [Note] InnoDB: Loading buffer pool(s) from /var/lib/mysql/ib_buffer_pool
2022-12-26 19:24:30 0 [Note] Plugin 'FEEDBACK' is disabled.
2022-12-26 19:24:30 0 [Note] InnoDB: Buffer pool(s) load completed at 221226 19:24:30
2022-12-26 19:24:30 0 [ERROR] Can't create IP socket: Name or service not known
2022-12-26 19:24:30 0 [ERROR] Aborting

221226 19:24:32 mysqld_safe mysqld from pid file /var/run/mysqld/mysqld.pid ended
221226 19:24:34 mysqld_safe Starting mysqld daemon with databases from /var/lib/mysql
2022-12-26 19:24:34 0 [Note] /usr/sbin/mysqld (mysqld 10.3.36-MariaDB-0+deb10u2-log) starting as process 221 ...
2022-12-26 19:24:34 0 [Warning] Setting lower_case_table_names=2 because file system for /var/lib/mysql/ is case insensitive
2022-12-26 19:24:34 0 [Note] Using unique option prefix 'myisam_recover' is error-prone and can break in the future. Please use the full name 'myisam-recover-options' instead.
2022-12-26 19:24:34 0 [Note] InnoDB: Using Linux native AIO
2022-12-26 19:24:34 0 [Note] InnoDB: Mutexes and rw_locks use GCC atomic builtins
2022-12-26 19:24:34 0 [Note] InnoDB: Uses event mutexes
2022-12-26 19:24:34 0 [Note] InnoDB: Compressed tables use zlib 1.2.11
2022-12-26 19:24:34 0 [Note] InnoDB: Number of pools: 1
2022-12-26 19:24:34 0 [Note] InnoDB: Using SSE2 crc32 instructions
2022-12-26 19:24:34 0 [Note] InnoDB: Initializing buffer pool, total size = 256M, instances = 1, chunk size = 128M
2022-12-26 19:24:34 0 [Note] InnoDB: Completed initialization of buffer pool
2022-12-26 19:24:34 0 [Note] InnoDB: If the mysqld execution user is authorized, page cleaner thread priority can be changed. See the man page of setpriority().
2022-12-26 19:24:34 0 [Note] InnoDB: 128 out of 128 rollback segments are active.
2022-12-26 19:24:34 0 [Note] InnoDB: Creating shared tablespace for temporary tables
2022-12-26 19:24:34 0 [Note] InnoDB: Setting file './ibtmp1' size to 12 MB. Physically writing the file full; Please wait ...
2022-12-26 19:24:34 0 [Note] InnoDB: File './ibtmp1' size is now 12 MB.
2022-12-26 19:24:35 0 [Note] InnoDB: Waiting for purge to start
2022-12-26 19:24:35 0 [Note] InnoDB: 10.3.36 started; log sequence number 1625909; transaction id 20
2022-12-26 19:24:35 0 [Note] InnoDB: Loading buffer pool(s) from /var/lib/mysql/ib_buffer_pool
2022-12-26 19:24:35 0 [Note] Plugin 'FEEDBACK' is disabled.
2022-12-26 19:24:35 0 [Note] InnoDB: Buffer pool(s) load completed at 221226 19:24:35
2022-12-26 19:24:35 0 [ERROR] Can't create IP socket: Name or service not known
2022-12-26 19:24:35 0 [ERROR] Aborting

221226 19:24:36 mysqld_safe mysqld from pid file /var/run/mysqld/mysqld.pid ended
221226 19:24:40 mysqld_safe Starting mysqld daemon with databases from /var/lib/mysql
2022-12-26 19:24:40 0 [Note] /usr/sbin/mysqld (mysqld 10.3.36-MariaDB-0+deb10u2-log) starting as process 221 ...
2022-12-26 19:24:40 0 [Warning] Setting lower_case_table_names=2 because file system for /var/lib/mysql/ is case insensitive
2022-12-26 19:24:40 0 [Note] Using unique option prefix 'myisam_recover' is error-prone and can break in the future. Please use the full name 'myisam-recover-options' instead.
2022-12-26 19:24:40 0 [Note] InnoDB: Using Linux native AIO
2022-12-26 19:24:40 0 [Note] InnoDB: Mutexes and rw_locks use GCC atomic builtins
2022-12-26 19:24:40 0 [Note] InnoDB: Uses event mutexes
2022-12-26 19:24:40 0 [Note] InnoDB: Compressed tables use zlib 1.2.11
2022-12-26 19:24:40 0 [Note] InnoDB: Number of pools: 1
2022-12-26 19:24:40 0 [Note] InnoDB: Using SSE2 crc32 instructions
2022-12-26 19:24:40 0 [Note] InnoDB: Initializing buffer pool, total size = 256M, instances = 1, chunk size = 128M
2022-12-26 19:24:40 0 [Note] InnoDB: Completed initialization of buffer pool
2022-12-26 19:24:40 0 [Note] InnoDB: If the mysqld execution user is authorized, page cleaner thread priority can be changed. See the man page of setpriority().
2022-12-26 19:24:40 0 [Note] InnoDB: 128 out of 128 rollback segments are active.
2022-12-26 19:24:40 0 [Note] InnoDB: Creating shared tablespace for temporary tables
2022-12-26 19:24:40 0 [Note] InnoDB: Setting file './ibtmp1' size to 12 MB. Physically writing the file full; Please wait ...
2022-12-26 19:24:40 0 [Note] InnoDB: File './ibtmp1' size is now 12 MB.
2022-12-26 19:24:40 0 [Note] InnoDB: Waiting for purge to start
2022-12-26 19:24:40 0 [Note] InnoDB: 10.3.36 started; log sequence number 1625918; transaction id 20
2022-12-26 19:24:40 0 [Note] InnoDB: Loading buffer pool(s) from /var/lib/mysql/ib_buffer_pool
2022-12-26 19:24:40 0 [Note] Plugin 'FEEDBACK' is disabled.
2022-12-26 19:24:40 0 [Note] InnoDB: Buffer pool(s) load completed at 221226 19:24:40
2022-12-26 19:24:40 0 [ERROR] Can't create IP socket: Name or service not known
2022-12-26 19:24:40 0 [ERROR] Aborting

221226 19:24:42 mysqld_safe mysqld from pid file /var/run/mysqld/mysqld.pid ended
